Arguments: 
  /usr/bin/node /usr/share/node_modules/yarn/bin/yarn.js

PATH: 
  /usr/local/sbin:/usr/local/bin:/usr/sbin:/usr/bin:/sbin:/bin

Yarn version: 
  1.22.4

Node version: 
  12.18.4

Platform: 
  linux x64

Trace: 
  SyntaxError: /workspaces/RacelandHA/config/www/raceland-dashboard/package.json: Unexpected token } in JSON at position 1052
      at JSON.parse (<anonymous>)
      at /usr/share/node_modules/yarn/lib/cli.js:1625:59
      at Generator.next (<anonymous>)
      at step (/usr/share/node_modules/yarn/lib/cli.js:310:30)
      at /usr/share/node_modules/yarn/lib/cli.js:321:13

npm manifest: 
  {
    "name": "raceland-dashboards",
    "description": "frontned of raceland dashboard",
    "source": "src/main.ts",
    "main": "hacs_frontend/entrypoint.js",
    "scripts": {
      "postinstall": "patch-package",
      "start": "./script/develop",
      "build": "./script/build"
    },
    "repository": {
      "type": "git",
      "url": "git+https://github.com/hacs/frontend.git"
    },
    "devDependencies": {
      "@rollup/plugin-babel": "^5.2.1",
      "@rollup/plugin-commonjs": "^11.1.0",
      "@rollup/plugin-json": "^4.0.3",
      "@rollup/plugin-node-resolve": "^7.1.3",
      "@rollup/plugin-replace": "^2.3.2",
      "@types/chromecast-caf-receiver": "5.0.12",
      "@types/chromecast-caf-sender": "^1.0.3",
      "@types/glob": "^7",
      "@types/js-yaml": "^4",
      "@types/leaflet": "^1",
      "@types/leaflet-draw": "^1",
      "@types/marked": "^2",
      "@types/mocha": "^8",
      "@types/qrcode": "^1.4.2",
      "@types/sortablejs": "^1",
      "@types/webspeechapi": "^0.0.29",
      "@typescript-eslint/eslint-plugin": "^4.32.0",
      "@typescript-eslint/parser": "^4.32.0",
    },
    "dependencies": {
      "@material/chips": "14.0.0-canary.261f2db59.0",
      "@material/data-table": "14.0.0-canary.261f2db59.0",
      "@material/mwc-button": "0.25.3",
      "@material/mwc-checkbox": "0.25.3",
      "@material/mwc-circular-progress": "0.25.3",
      "@material/mwc-dialog": "0.25.3",
      "@material/mwc-drawer": "^0.25.3",
      "@material/mwc-fab": "0.25.3",
      "@material/mwc-formfield": "0.25.3",
      "@material/mwc-icon-button": "0.25.3",
      "@material/mwc-linear-progress": "canary",
      "@material/mwc-list": "0.25.3",
      "@material/mwc-menu": "0.25.3",
      "@material/mwc-radio": "0.25.3",
      "@material/mwc-ripple": "0.25.3",
      "@material/mwc-select": "0.25.3",
      "@material/mwc-slider": "0.25.3",
      "@material/mwc-switch": "0.25.3",
      "@material/mwc-tab": "0.25.3",
      "@material/mwc-tab-bar": "0.25.3",
      "@material/mwc-textfield": "0.25.3",
      "@material/mwc-top-app-bar-fixed": "^0.25.3",
      "@material/top-app-bar": "14.0.0-canary.261f2db59.0",
      "@mdi/js": "6.5.95",
      "@mdi/svg": "6.5.95",
      "@polymer/app-layout": "^3.1.0",
      "@polymer/iron-flex-layout": "^3.0.1",
      "@polymer/iron-icon": "^3.0.1",
      "@polymer/iron-input": "^3.0.1",
      "@polymer/iron-resizable-behavior": "^3.0.1",
      "@polymer/paper-dropdown-menu": "^3.2.0",
      "@polymer/paper-input": "^3.2.1",
      "@polymer/paper-item": "^3.0.1",
      "@polymer/paper-listbox": "^3.0.1",
      "@polymer/paper-slider": "^3.0.1",
      "@polymer/paper-styles": "^3.0.1",
      "@polymer/paper-tabs": "^3.1.0",
      "@polymer/paper-toast": "^3.0.1",
      "@polymer/paper-tooltip": "^3.0.1",
      "@polymer/polymer": "3.4.1"
    },
    "resolutions": {
      "@polymer/polymer": "3.4.1",
      "@webcomponents/webcomponentsjs": "^2.2.10",
      "lit": "^2.1.2",
      "lit-html": "2.1.2",
      "lit-element": "3.1.2",
      "@lit/reactive-element": "1.2.1"
    },
    "resolutionsOverride": {
      "@polymer/polymer": "3.4.1"
    },
    "dependenciesOverride": {
      "node-emoji": "1.10.0",
      "marked": "^4.0.10",
      "@lit-labs/virtualizer": "0.6.0",
      "@material/mwc-linear-progress": "canary",
      "@material/mwc-icon-button": "0.25.3"
    },
    "devDependenciesOverride": {
      "patch-package": "^6.2.0",
      "dompurify": "^2.2.6",
      "highlight.js": "^10.6.0",
      "rollup-plugin-gzip": "^2.5.0",
      "rollup-plugin-entrypoint-hashmanifest": "^0.1.2"
    }
  }

yarn manifest: 
  No manifest

Lockfile: 
  No lockfile
